c:\repo\wm392\freertos_project\freertos_project\x64\debug\vc143.pdb
c:\repo\wm392\freertos_project\freertos_project\x64\debug\vc143.idb
c:\repo\wm392\freertos_project\freertos_project\x64\debug\timers.obj
c:\repo\wm392\freertos_project\freertos_project\x64\debug\tasks.obj
c:\repo\wm392\freertos_project\freertos_project\x64\debug\supporting_functions.obj
c:\repo\wm392\freertos_project\freertos_project\x64\debug\queue.obj
c:\repo\wm392\freertos_project\freertos_project\x64\debug\port.obj
c:\repo\wm392\freertos_project\freertos_project\x64\debug\main.obj
c:\repo\wm392\freertos_project\freertos_project\x64\debug\list.obj
c:\repo\wm392\freertos_project\freertos_project\x64\debug\heap_4.obj
c:\repo\wm392\freertos_project\freertos_project\x64\debug\event_groups.obj
c:\repo\wm392\freertos_project\freertos_project\x64\debug\freertos_project.ilk
c:\repo\wm392\freertos_project\freertos_project\x64\debug\freertos_project.exe
c:\repo\wm392\freertos_project\freertos_project\x64\debug\freertos_project.pdb
c:\repo\wm392\freertos_project\freertos_project\x64\debug\freertos_project.tlog\cl.command.1.tlog
c:\repo\wm392\freertos_project\freertos_project\x64\debug\freertos_project.tlog\cl.read.1.tlog
c:\repo\wm392\freertos_project\freertos_project\x64\debug\freertos_project.tlog\cl.write.1.tlog
c:\repo\wm392\freertos_project\freertos_project\x64\debug\freertos_project.tlog\link.command.1.tlog
c:\repo\wm392\freertos_project\freertos_project\x64\debug\freertos_project.tlog\link.read.1.tlog
c:\repo\wm392\freertos_project\freertos_project\x64\debug\freertos_project.tlog\link.write.1.tlog
